app/build/intermediates/manifest_merge_blame_file/debug/manifest-merger-blame-debug-report.txt
1<?xml version="1.0" encoding="utf-8"?>
2<manifest xmlns:android="http://schemas.android.com/apk/res/android"
3    package="com.example.subeye"
4    android:versionCode="1"
5    android:versionName="1.0" >
6
7    <uses-sdk
8        android:minSdkVersion="24"
8-->src\main\AndroidManifest.xml
9        android:targetSdkVersion="33" />
9-->src\main\AndroidManifest.xml
10    <!-- 인터넷,오디오 사용 권한 설정 -->
11    <uses-feature
11-->src\main\AndroidManifest.xml:5:5-7:36
12        android:name="android.hardware.telephony"
12-->src\main\AndroidManifest.xml:6:9-50
13        android:required="false" />
13-->src\main\AndroidManifest.xml:7:9-33
14
15    <uses-permission android:name="android.permission.INTERNET" />
15-->src\main\AndroidManifest.xml:9:5-67
15-->src\main\AndroidManifest.xml:9:22-64
16    <uses-permission android:name="android.permission.RECORD_AUDIO" />
16-->src\main\AndroidManifest.xml:10:5-71
16-->src\main\AndroidManifest.xml:10:22-68
17    <uses-permission android:name="android.permission.CALL_PHONE" />
17-->src\main\AndroidManifest.xml:11:5-69
17-->src\main\AndroidManifest.xml:11:22-66
18    <uses-permission android:name="android.permission.ACCESS_NETWORK_STATE" />
18-->[com.google.firebase:firebase-auth:22.0.0] AndroidManifest.xml:26:5-79
18-->[com.google.firebase:firebase-auth:22.0.0] AndroidManifest.xml:26:22-76
19
20    <queries>
20-->[com.kakao.sdk:v2-common:2.14.0] AndroidManifest.xml:9:5-22:15
21        <package android:name="com.kakao.talk" />
21-->[com.kakao.sdk:v2-common:2.14.0] AndroidManifest.xml:10:9-50
21-->[com.kakao.sdk:v2-common:2.14.0] AndroidManifest.xml:10:18-47
22        <package android:name="com.kakao.talk.alpha" />
22-->[com.kakao.sdk:v2-common:2.14.0] AndroidManifest.xml:11:9-56
22-->[com.kakao.sdk:v2-common:2.14.0] AndroidManifest.xml:11:18-53
23        <package android:name="com.kakao.talk.sandbox" />
23-->[com.kakao.sdk:v2-common:2.14.0] AndroidManifest.xml:12:9-58
23-->[com.kakao.sdk:v2-common:2.14.0] AndroidManifest.xml:12:18-55
24        <package android:name="com.kakao.onetalk" />
24-->[com.kakao.sdk:v2-common:2.14.0] AndroidManifest.xml:13:9-53
24-->[com.kakao.sdk:v2-common:2.14.0] AndroidManifest.xml:13:18-50
25
26        <intent>
26-->[com.kakao.sdk:v2-common:2.14.0] AndroidManifest.xml:15:9-21:18
27            <action android:name="android.intent.action.VIEW" />
27-->[com.google.firebase:firebase-auth:22.0.0] AndroidManifest.xml:36:17-69
27-->[com.google.firebase:firebase-auth:22.0.0] AndroidManifest.xml:36:25-66
28
29            <category android:name="android.intent.category.BROWSABLE" />
29-->[com.google.firebase:firebase-auth:22.0.0] AndroidManifest.xml:39:17-78
29-->[com.google.firebase:firebase-auth:22.0.0] AndroidManifest.xml:39:27-75
30
31            <data android:scheme="https" />
31-->src\main\AndroidManifest.xml:36:17-38:78
31-->src\main\AndroidManifest.xml:38:21-75
32        </intent>
33    </queries>
34
35    <permission
35-->[androidx.core:core:1.9.0] AndroidManifest.xml:22:5-24:47
36        android:name="com.example.subeye.DYNAMIC_RECEIVER_NOT_EXPORTED_PERMISSION"
36-->[androidx.core:core:1.9.0] AndroidManifest.xml:23:9-81
37        android:protectionLevel="signature" />
37-->[androidx.core:core:1.9.0] AndroidManifest.xml:24:9-44
38
39    <uses-permission android:name="com.example.subeye.DYNAMIC_RECEIVER_NOT_EXPORTED_PERMISSION" />
39-->[androidx.core:core:1.9.0] AndroidManifest.xml:26:5-97
39-->[androidx.core:core:1.9.0] AndroidManifest.xml:26:22-94
40
41    <application
41-->src\main\AndroidManifest.xml:13:5-51:19
42        android:allowBackup="true"
42-->src\main\AndroidManifest.xml:14:9-35
43        android:appComponentFactory="androidx.core.app.CoreComponentFactory"
43-->[androidx.core:core:1.9.0] AndroidManifest.xml:28:18-86
44        android:dataExtractionRules="@xml/data_extraction_rules"
44-->src\main\AndroidManifest.xml:15:9-65
45        android:debuggable="true"
46        android:extractNativeLibs="false"
47        android:fullBackupContent="@xml/backup_rules"
47-->src\main\AndroidManifest.xml:16:9-54
48        android:icon="@mipmap/ic_launcher"
48-->src\main\AndroidManifest.xml:17:9-43
49        android:label="@string/app_name"
49-->src\main\AndroidManifest.xml:18:9-41
50        android:roundIcon="@mipmap/ic_launcher_round"
50-->src\main\AndroidManifest.xml:19:9-54
51        android:supportsRtl="true"
51-->src\main\AndroidManifest.xml:20:9-35
52        android:testOnly="true"
53        android:theme="@style/Theme.SubEye" >
53-->src\main\AndroidManifest.xml:21:9-44
54        <activity
54-->src\main\AndroidManifest.xml:23:9-25:40
55            android:name="com.example.subeye.AddActivity"
55-->src\main\AndroidManifest.xml:24:13-40
56            android:exported="false" />
56-->src\main\AndroidManifest.xml:25:13-37
57        <activity
57-->src\main\AndroidManifest.xml:26:9-28:40
58            android:name="com.example.subeye.MainActivity"
58-->src\main\AndroidManifest.xml:27:13-41
59            android:exported="false" />
59-->src\main\AndroidManifest.xml:28:13-37
60        <activity
60-->src\main\AndroidManifest.xml:29:9-31:40
61            android:name="com.example.subeye.RSettingActivity"
61-->src\main\AndroidManifest.xml:30:13-45
62            android:exported="false" />
62-->src\main\AndroidManifest.xml:31:13-37
63        <activity
63-->src\main\AndroidManifest.xml:32:9-40:20
64            android:name="com.example.subeye.AuthActivity"
64-->src\main\AndroidManifest.xml:33:13-41
65            android:exported="false" >
65-->src\main\AndroidManifest.xml:34:13-37
66            <intent-filter>
66-->src\main\AndroidManifest.xml:35:13-39:29
67                <data
67-->src\main\AndroidManifest.xml:36:17-38:78
68                    android:host="oauth"
68-->src\main\AndroidManifest.xml:37:21-41
69                    android:scheme="kakao398a7c7f8263ac960126a35659a21739" />
69-->src\main\AndroidManifest.xml:38:21-75
70            </intent-filter>
71        </activity>
72        <activity
72-->src\main\AndroidManifest.xml:41:9-50:20
73            android:name="com.example.subeye.SplashActivity"
73-->src\main\AndroidManifest.xml:42:13-43
74            android:exported="true"
74-->src\main\AndroidManifest.xml:43:13-36
75            android:theme="@style/SplashTheme" >
75-->src\main\AndroidManifest.xml:44:13-47
76            <intent-filter>
76-->src\main\AndroidManifest.xml:45:13-49:29
77                <action android:name="android.intent.action.MAIN" />
77-->src\main\AndroidManifest.xml:46:17-69
77-->src\main\AndroidManifest.xml:46:25-66
78
79                <category android:name="android.intent.category.LAUNCHER" />
79-->src\main\AndroidManifest.xml:48:17-77
79-->src\main\AndroidManifest.xml:48:27-74
80            </intent-filter>
81        </activity>
82        <activity
82-->[com.kakao.sdk:v2-auth:2.14.0] AndroidManifest.xml:10:9-15:56
83            android:name="com.kakao.sdk.auth.TalkAuthCodeActivity"
83-->[com.kakao.sdk:v2-auth:2.14.0] AndroidManifest.xml:11:13-67
84            android:configChanges="orientation|screenSize|keyboardHidden"
84-->[com.kakao.sdk:v2-auth:2.14.0] AndroidManifest.xml:12:13-74
85            android:exported="false"
85-->[com.kakao.sdk:v2-auth:2.14.0] AndroidManifest.xml:13:13-37
86            android:launchMode="singleTask"
86-->[com.kakao.sdk:v2-auth:2.14.0] AndroidManifest.xml:14:13-44
87            android:theme="@style/TransparentCompat" />
87-->[com.kakao.sdk:v2-auth:2.14.0] AndroidManifest.xml:15:13-53
88        <activity
88-->[com.kakao.sdk:v2-auth:2.14.0] AndroidManifest.xml:16:9-19:56
89            android:name="com.kakao.sdk.auth.AuthCodeHandlerActivity"
89-->[com.kakao.sdk:v2-auth:2.14.0] AndroidManifest.xml:17:13-70
90            android:launchMode="singleTask"
90-->[com.kakao.sdk:v2-auth:2.14.0] AndroidManifest.xml:18:13-44
91            android:theme="@style/TransparentCompat" />
91-->[com.kakao.sdk:v2-auth:2.14.0] AndroidManifest.xml:19:13-53
92        <activity
92-->[com.google.android.gms:play-services-auth:20.5.0] AndroidManifest.xml:23:9-27:75
93            android:name="com.google.android.gms.auth.api.signin.internal.SignInHubActivity"
93-->[com.google.android.gms:play-services-auth:20.5.0] AndroidManifest.xml:24:13-93
94            android:excludeFromRecents="true"
94-->[com.google.android.gms:play-services-auth:20.5.0] AndroidManifest.xml:25:13-46
95            android:exported="false"
95-->[com.google.android.gms:play-services-auth:20.5.0] AndroidManifest.xml:26:13-37
96            android:theme="@android:style/Theme.Translucent.NoTitleBar" />
96-->[com.google.android.gms:play-services-auth:20.5.0] AndroidManifest.xml:27:13-72
97        <!--
98            Service handling Google Sign-In user revocation. For apps that do not integrate with
99            Google Sign-In, this service will never be started.
100        -->
101        <service
101-->[com.google.android.gms:play-services-auth:20.5.0] AndroidManifest.xml:33:9-37:51
102            android:name="com.google.android.gms.auth.api.signin.RevocationBoundService"
102-->[com.google.android.gms:play-services-auth:20.5.0] AndroidManifest.xml:34:13-89
103            android:exported="true"
103-->[com.google.android.gms:play-services-auth:20.5.0] AndroidManifest.xml:35:13-36
104            android:permission="com.google.android.gms.auth.api.signin.permission.REVOCATION_NOTIFICATION"
104-->[com.google.android.gms:play-services-auth:20.5.0] AndroidManifest.xml:36:13-107
105            android:visibleToInstantApps="true" />
105-->[com.google.android.gms:play-services-auth:20.5.0] AndroidManifest.xml:37:13-48
106        <service
106-->[com.google.firebase:firebase-auth-ktx:22.0.0] AndroidManifest.xml:8:9-14:19
107            android:name="com.google.firebase.components.ComponentDiscoveryService"
107-->[com.google.firebase:firebase-auth-ktx:22.0.0] AndroidManifest.xml:9:13-84
108            android:directBootAware="true"
108-->[com.google.firebase:firebase-common:20.3.2] AndroidManifest.xml:34:13-43
109            android:exported="false" >
109-->[com.google.firebase:firebase-auth-ktx:22.0.0] AndroidManifest.xml:10:13-37
110            <meta-data
110-->[com.google.firebase:firebase-auth-ktx:22.0.0] AndroidManifest.xml:11:13-13:85
111                android:name="com.google.firebase.components:com.google.firebase.auth.ktx.FirebaseAuthKtxRegistrar"
111-->[com.google.firebase:firebase-auth-ktx:22.0.0] AndroidManifest.xml:12:17-116
112                android:value="com.google.firebase.components.ComponentRegistrar" />
112-->[com.google.firebase:firebase-auth-ktx:22.0.0] AndroidManifest.xml:13:17-82
113            <meta-data
113-->[com.google.firebase:firebase-auth:22.0.0] AndroidManifest.xml:69:13-71:85
114                android:name="com.google.firebase.components:com.google.firebase.auth.FirebaseAuthRegistrar"
114-->[com.google.firebase:firebase-auth:22.0.0] AndroidManifest.xml:70:17-109
115                android:value="com.google.firebase.components.ComponentRegistrar" />
115-->[com.google.firebase:firebase-auth:22.0.0] AndroidManifest.xml:71:17-82
116            <meta-data
116-->[com.google.firebase:firebase-firestore-ktx:24.6.0] AndroidManifest.xml:14:13-16:85
117                android:name="com.google.firebase.components:com.google.firebase.firestore.ktx.FirebaseFirestoreKtxRegistrar"
117-->[com.google.firebase:firebase-firestore-ktx:24.6.0] AndroidManifest.xml:15:17-126
118                android:value="com.google.firebase.components.ComponentRegistrar" />
118-->[com.google.firebase:firebase-firestore-ktx:24.6.0] AndroidManifest.xml:16:17-82
119            <meta-data
119-->[com.google.firebase:firebase-firestore:24.6.0] AndroidManifest.xml:19:13-21:85
120                android:name="com.google.firebase.components:com.google.firebase.firestore.FirestoreRegistrar"
120-->[com.google.firebase:firebase-firestore:24.6.0] AndroidManifest.xml:20:17-111
121                android:value="com.google.firebase.components.ComponentRegistrar" />
121-->[com.google.firebase:firebase-firestore:24.6.0] AndroidManifest.xml:21:17-82
122            <meta-data
122-->[com.google.firebase:firebase-storage-ktx:20.2.0] AndroidManifest.xml:14:13-16:85
123                android:name="com.google.firebase.components:com.google.firebase.storage.ktx.FirebaseStorageKtxRegistrar"
123-->[com.google.firebase:firebase-storage-ktx:20.2.0] AndroidManifest.xml:15:17-122
124                android:value="com.google.firebase.components.ComponentRegistrar" />
124-->[com.google.firebase:firebase-storage-ktx:20.2.0] AndroidManifest.xml:16:17-82
125            <meta-data
125-->[com.google.firebase:firebase-storage:20.2.0] AndroidManifest.xml:32:13-34:85
126                android:name="com.google.firebase.components:com.google.firebase.storage.StorageRegistrar"
126-->[com.google.firebase:firebase-storage:20.2.0] AndroidManifest.xml:33:17-107
127                android:value="com.google.firebase.components.ComponentRegistrar" />
127-->[com.google.firebase:firebase-storage:20.2.0] AndroidManifest.xml:34:17-82
128            <meta-data
128-->[com.google.firebase:firebase-common-ktx:20.3.2] AndroidManifest.xml:14:13-16:85
129                android:name="com.google.firebase.components:com.google.firebase.ktx.FirebaseCommonKtxRegistrar"
129-->[com.google.firebase:firebase-common-ktx:20.3.2] AndroidManifest.xml:15:17-113
130                android:value="com.google.firebase.components.ComponentRegistrar" />
130-->[com.google.firebase:firebase-common-ktx:20.3.2] AndroidManifest.xml:16:17-82
131        </service>
132
133        <activity
133-->[com.google.firebase:firebase-auth:22.0.0] AndroidManifest.xml:29:9-46:20
134            android:name="com.google.firebase.auth.internal.GenericIdpActivity"
134-->[com.google.firebase:firebase-auth:22.0.0] AndroidManifest.xml:30:13-80
135            android:excludeFromRecents="true"
135-->[com.google.firebase:firebase-auth:22.0.0] AndroidManifest.xml:31:13-46
136            android:exported="true"
136-->[com.google.firebase:firebase-auth:22.0.0] AndroidManifest.xml:32:13-36
137            android:launchMode="singleTask"
137-->[com.google.firebase:firebase-auth:22.0.0] AndroidManifest.xml:33:13-44
138            android:theme="@android:style/Theme.Translucent.NoTitleBar" >
138-->[com.google.firebase:firebase-auth:22.0.0] AndroidManifest.xml:34:13-72
139            <intent-filter>
139-->[com.google.firebase:firebase-auth:22.0.0] AndroidManifest.xml:35:13-45:29
140                <action android:name="android.intent.action.VIEW" />
140-->[com.google.firebase:firebase-auth:22.0.0] AndroidManifest.xml:36:17-69
140-->[com.google.firebase:firebase-auth:22.0.0] AndroidManifest.xml:36:25-66
141
142                <category android:name="android.intent.category.DEFAULT" />
142-->[com.google.firebase:firebase-auth:22.0.0] AndroidManifest.xml:38:17-76
142-->[com.google.firebase:firebase-auth:22.0.0] AndroidManifest.xml:38:27-73
143                <category android:name="android.intent.category.BROWSABLE" />
143-->[com.google.firebase:firebase-auth:22.0.0] AndroidManifest.xml:39:17-78
143-->[com.google.firebase:firebase-auth:22.0.0] AndroidManifest.xml:39:27-75
144
145                <data
145-->src\main\AndroidManifest.xml:36:17-38:78
146                    android:host="firebase.auth"
146-->src\main\AndroidManifest.xml:37:21-41
147                    android:path="/"
148                    android:scheme="genericidp" />
148-->src\main\AndroidManifest.xml:38:21-75
149            </intent-filter>
150        </activity>
151        <activity
151-->[com.google.firebase:firebase-auth:22.0.0] AndroidManifest.xml:47:9-64:20
152            android:name="com.google.firebase.auth.internal.RecaptchaActivity"
152-->[com.google.firebase:firebase-auth:22.0.0] AndroidManifest.xml:48:13-79
153            android:excludeFromRecents="true"
153-->[com.google.firebase:firebase-auth:22.0.0] AndroidManifest.xml:49:13-46
154            android:exported="true"
154-->[com.google.firebase:firebase-auth:22.0.0] AndroidManifest.xml:50:13-36
155            android:launchMode="singleTask"
155-->[com.google.firebase:firebase-auth:22.0.0] AndroidManifest.xml:51:13-44
156            android:theme="@android:style/Theme.Translucent.NoTitleBar" >
156-->[com.google.firebase:firebase-auth:22.0.0] AndroidManifest.xml:52:13-72
157            <intent-filter>
157-->[com.google.firebase:firebase-auth:22.0.0] AndroidManifest.xml:53:13-63:29
158                <action android:name="android.intent.action.VIEW" />
158-->[com.google.firebase:firebase-auth:22.0.0] AndroidManifest.xml:36:17-69
158-->[com.google.firebase:firebase-auth:22.0.0] AndroidManifest.xml:36:25-66
159
160                <category android:name="android.intent.category.DEFAULT" />
160-->[com.google.firebase:firebase-auth:22.0.0] AndroidManifest.xml:38:17-76
160-->[com.google.firebase:firebase-auth:22.0.0] AndroidManifest.xml:38:27-73
161                <category android:name="android.intent.category.BROWSABLE" />
161-->[com.google.firebase:firebase-auth:22.0.0] AndroidManifest.xml:39:17-78
161-->[com.google.firebase:firebase-auth:22.0.0] AndroidManifest.xml:39:27-75
162
163                <data
163-->src\main\AndroidManifest.xml:36:17-38:78
164                    android:host="firebase.auth"
164-->src\main\AndroidManifest.xml:37:21-41
165                    android:path="/"
166                    android:scheme="recaptcha" />
166-->src\main\AndroidManifest.xml:38:21-75
167            </intent-filter>
168        </activity>
169        <activity
169-->[com.google.android.gms:play-services-base:18.0.1] AndroidManifest.xml:20:9-22:45
170            android:name="com.google.android.gms.common.api.GoogleApiActivity"
170-->[com.google.android.gms:play-services-base:18.0.1] AndroidManifest.xml:20:19-85
171            android:exported="false"
171-->[com.google.android.gms:play-services-base:18.0.1] AndroidManifest.xml:22:19-43
172            android:theme="@android:style/Theme.Translucent.NoTitleBar" />
172-->[com.google.android.gms:play-services-base:18.0.1] AndroidManifest.xml:21:19-78
173
174        <provider
174-->[com.google.firebase:firebase-common:20.3.2] AndroidManifest.xml:25:9-30:39
175            android:name="com.google.firebase.provider.FirebaseInitProvider"
175-->[com.google.firebase:firebase-common:20.3.2] AndroidManifest.xml:26:13-77
176            android:authorities="com.example.subeye.firebaseinitprovider"
176-->[com.google.firebase:firebase-common:20.3.2] AndroidManifest.xml:27:13-72
177            android:directBootAware="true"
177-->[com.google.firebase:firebase-common:20.3.2] AndroidManifest.xml:28:13-43
178            android:exported="false"
178-->[com.google.firebase:firebase-common:20.3.2] AndroidManifest.xml:29:13-37
179            android:initOrder="100" />
179-->[com.google.firebase:firebase-common:20.3.2] AndroidManifest.xml:30:13-36
180
181        <meta-data
181-->[com.google.android.gms:play-services-basement:18.2.0] AndroidManifest.xml:21:9-23:69
182            android:name="com.google.android.gms.version"
182-->[com.google.android.gms:play-services-basement:18.2.0] AndroidManifest.xml:22:13-58
183            android:value="@integer/google_play_services_version" />
183-->[com.google.android.gms:play-services-basement:18.2.0] AndroidManifest.xml:23:13-66
184
185        <provider
185-->[androidx.emoji2:emoji2:1.2.0] AndroidManifest.xml:24:9-32:20
186            android:name="androidx.startup.InitializationProvider"
186-->[androidx.emoji2:emoji2:1.2.0] AndroidManifest.xml:25:13-67
187            android:authorities="com.example.subeye.androidx-startup"
187-->[androidx.emoji2:emoji2:1.2.0] AndroidManifest.xml:26:13-68
188            android:exported="false" >
188-->[androidx.emoji2:emoji2:1.2.0] AndroidManifest.xml:27:13-37
189            <meta-data
189-->[androidx.emoji2:emoji2:1.2.0] AndroidManifest.xml:29:13-31:52
190                android:name="androidx.emoji2.text.EmojiCompatInitializer"
190-->[androidx.emoji2:emoji2:1.2.0] AndroidManifest.xml:30:17-75
191                android:value="androidx.startup" />
191-->[androidx.emoji2:emoji2:1.2.0] AndroidManifest.xml:31:17-49
192            <meta-data
192-->[androidx.lifecycle:lifecycle-process:2.6.1] AndroidManifest.xml:29:13-31:52
193                android:name="androidx.lifecycle.ProcessLifecycleInitializer"
193-->[androidx.lifecycle:lifecycle-process:2.6.1] AndroidManifest.xml:30:17-78
194                android:value="androidx.startup" />
194-->[androidx.lifecycle:lifecycle-process:2.6.1] AndroidManifest.xml:31:17-49
195            <meta-data
195-->[androidx.profileinstaller:profileinstaller:1.3.0] AndroidManifest.xml:29:13-31:52
196                android:name="androidx.profileinstaller.ProfileInstallerInitializer"
196-->[androidx.profileinstaller:profileinstaller:1.3.0] AndroidManifest.xml:30:17-85
197                android:value="androidx.startup" />
197-->[androidx.profileinstaller:profileinstaller:1.3.0] AndroidManifest.xml:31:17-49
198        </provider>
199
200        <uses-library
200-->[androidx.window:window:1.0.0] AndroidManifest.xml:25:9-27:40
201            android:name="androidx.window.extensions"
201-->[androidx.window:window:1.0.0] AndroidManifest.xml:26:13-54
202            android:required="false" />
202-->[androidx.window:window:1.0.0] AndroidManifest.xml:27:13-37
203        <uses-library
203-->[androidx.window:window:1.0.0] AndroidManifest.xml:28:9-30:40
204            android:name="androidx.window.sidecar"
204-->[androidx.window:window:1.0.0] AndroidManifest.xml:29:13-51
205            android:required="false" />
205-->[androidx.window:window:1.0.0] AndroidManifest.xml:30:13-37
206
207        <receiver
207-->[androidx.profileinstaller:profileinstaller:1.3.0] AndroidManifest.xml:34:9-52:20
208            android:name="androidx.profileinstaller.ProfileInstallReceiver"
208-->[androidx.profileinstaller:profileinstaller:1.3.0] AndroidManifest.xml:35:13-76
209            android:directBootAware="false"
209-->[androidx.profileinstaller:profileinstaller:1.3.0] AndroidManifest.xml:36:13-44
210            android:enabled="true"
210-->[androidx.profileinstaller:profileinstaller:1.3.0] AndroidManifest.xml:37:13-35
211            android:exported="true"
211-->[androidx.profileinstaller:profileinstaller:1.3.0] AndroidManifest.xml:38:13-36
212            android:permission="android.permission.DUMP" >
212-->[androidx.profileinstaller:profileinstaller:1.3.0] AndroidManifest.xml:39:13-57
213            <intent-filter>
213-->[androidx.profileinstaller:profileinstaller:1.3.0] AndroidManifest.xml:40:13-42:29
214                <action android:name="androidx.profileinstaller.action.INSTALL_PROFILE" />
214-->[androidx.profileinstaller:profileinstaller:1.3.0] AndroidManifest.xml:41:17-91
214-->[androidx.profileinstaller:profileinstaller:1.3.0] AndroidManifest.xml:41:25-88
215            </intent-filter>
216            <intent-filter>
216-->[androidx.profileinstaller:profileinstaller:1.3.0] AndroidManifest.xml:43:13-45:29
217                <action android:name="androidx.profileinstaller.action.SKIP_FILE" />
217-->[androidx.profileinstaller:profileinstaller:1.3.0] AndroidManifest.xml:44:17-85
217-->[androidx.profileinstaller:profileinstaller:1.3.0] AndroidManifest.xml:44:25-82
218            </intent-filter>
219            <intent-filter>
219-->[androidx.profileinstaller:profileinstaller:1.3.0] AndroidManifest.xml:46:13-48:29
220                <action android:name="androidx.profileinstaller.action.SAVE_PROFILE" />
220-->[androidx.profileinstaller:profileinstaller:1.3.0] AndroidManifest.xml:47:17-88
220-->[androidx.profileinstaller:profileinstaller:1.3.0] AndroidManifest.xml:47:25-85
221            </intent-filter>
222            <intent-filter>
222-->[androidx.profileinstaller:profileinstaller:1.3.0] AndroidManifest.xml:49:13-51:29
223                <action android:name="androidx.profileinstaller.action.BENCHMARK_OPERATION" />
223-->[androidx.profileinstaller:profileinstaller:1.3.0] AndroidManifest.xml:50:17-95
223-->[androidx.profileinstaller:profileinstaller:1.3.0] AndroidManifest.xml:50:25-92
224            </intent-filter>
225        </receiver>
226    </application>
227
228</manifest>